[debug] [2018-06-28T17:48:40.862Z] ----------------------------------------------------------------------
[debug] [2018-06-28T17:48:40.866Z] Command:       C:\Program Files\nodejs\node.exe C:\Users\karas\AppData\Roaming\npm\node_modules\firebase-tools\bin\firebase init
[debug] [2018-06-28T17:48:40.867Z] CLI Version:   3.19.0
[debug] [2018-06-28T17:48:40.867Z] Platform:      win32
[debug] [2018-06-28T17:48:40.867Z] Node Version:  v8.4.0
[debug] [2018-06-28T17:48:40.867Z] Time:          Thu Jun 28 2018 19:48:40 GMT+0200 (Środkowoeuropejski czas letni)
[debug] [2018-06-28T17:48:40.867Z] ----------------------------------------------------------------------
[debug] 
[debug] [2018-06-28T17:48:40.912Z] > command requires scopes: ["email","openid","https://www.googleapis.com/auth/cloudplatformprojects.readonly","https://www.googleapis.com/auth/firebase"]
[debug] [2018-06-28T17:48:40.914Z] > authorizing via signed-in user
[info] 
     ######## #### ########  ######## ########     ###     ######  ########
     ##        ##  ##     ## ##       ##     ##  ##   ##  ##       ##
     ######    ##  ########  ######   ########  #########  ######  ######
     ##        ##  ##    ##  ##       ##     ## ##     ##       ## ##
     ##       #### ##     ## ######## ########  ##     ##  ######  ########

You're about to initialize a Firebase project in this directory:

  C:\Users\karas\OneDrive\aksolotlstudio\projects\clients\simplyhealth\simplyhealth-web

Before we get started, keep in mind:

  * You are initializing in an existing Firebase project directory

